<?xml version="1.0" encoding="UTF-8" ?>
<testsuite tests="4" failures="1" name="mt.edu.um.b_d_app.TraversalSortingTest" time="0.053" errors="1" skipped="0">
  <properties>
[...]
</properties>
  <testcase classname="mt.edu.um.b_d_app.TraversalSortingTest" name="srcAccountDoesNotExistFilteringTest" time="0.022">
    <failure message="expected:&lt;null&gt; but was:&lt;[]&gt;" type="java.lang.AssertionError">java.lang.AssertionError: expected:&lt;null&gt; but was:&lt;[]&gt;
	at org.junit.Assert.fail(Assert.java:88)
	at org.junit.Assert.failNotEquals(Assert.java:743)
	at org.junit.Assert.assertEquals(Assert.java:118)
	at org.junit.Assert.assertEquals(Assert.java:144)
	at mt.edu.um.b_d_app.TraversalSortingTest.srcAccountDoesNotExistFilteringTest(TraversalSortingTest.java:106)
	at sun.reflect.NativeMethodAccessorImpl.invoke0(Native Method)
	at sun.reflect.NativeMethodAccessorImpl.invoke(NativeMethodAccessorImpl.java:62)
	at sun.reflect.DelegatingMethodAccessorImpl.invoke(DelegatingMethodAccessorImpl.java:43)
	at java.lang.reflect.Method.invoke(Method.java:483)
	at org.junit.runners.model.FrameworkMethod$1.runReflectiveCall(FrameworkMethod.java:47)
	at org.junit.internal.runners.model.ReflectiveCallable.run(ReflectiveCallable.java:12)
	at org.junit.runners.model.FrameworkMethod.invokeExplosively(FrameworkMethod.java:44)
	at org.junit.internal.runners.statements.InvokeMethod.evaluate(InvokeMethod.java:17)
	at org.junit.internal.runners.statements.RunBefores.evaluate(RunBefores.java:26)
	at org.junit.runners.ParentRunner.runLeaf(ParentRunner.java:271)
	at org.junit.runners.BlockJUnit4ClassRunner.runChild(BlockJUnit4ClassRunner.java:70)
	at org.junit.runners.BlockJUnit4ClassRunner.runChild(BlockJUnit4ClassRunner.java:50)
	at org.junit.runners.ParentRunner$3.run(ParentRunner.java:238)
	at org.junit.runners.ParentRunner$1.schedule(ParentRunner.java:63)
	at org.junit.runners.ParentRunner.runChildren(ParentRunner.java:236)
	at org.junit.runners.ParentRunner.access$000(ParentRunner.java:53)
	at org.junit.runners.ParentRunner$2.evaluate(ParentRunner.java:229)
	at org.junit.runners.ParentRunner.run(ParentRunner.java:309)
	at org.apache.maven.surefire.junit4.JUnit4TestSet.execute(JUnit4TestSet.java:53)
	at org.apache.maven.surefire.junit4.JUnit4Provider.executeTestSet(JUnit4Provider.java:123)
	at org.apache.maven.surefire.junit4.JUnit4Provider.invoke(JUnit4Provider.java:104)
	at sun.reflect.NativeMethodAccessorImpl.invoke0(Native Method)
	at sun.reflect.NativeMethodAccessorImpl.invoke(NativeMethodAccessorImpl.java:62)
	at sun.reflect.DelegatingMethodAccessorImpl.invoke(DelegatingMethodAccessorImpl.java:43)
	at java.lang.reflect.Method.invoke(Method.java:483)
	at org.apache.maven.surefire.util.ReflectionUtils.invokeMethodWithArray(ReflectionUtils.java:164)
	at org.apache.maven.surefire.booter.ProviderFactory$ProviderProxy.invoke(ProviderFactory.java:110)
	at org.apache.maven.surefire.booter.SurefireStarter.invokeProvider(SurefireStarter.java:175)
	at org.apache.maven.surefire.booter.SurefireStarter.runSuitesInProcessWhenForked(SurefireStarter.java:107)
	at org.apache.maven.surefire.booter.ForkedBooter.main(ForkedBooter.java:68)
</failure>
    <system-out>Composite transaction HighRiskTransaction mt.edu.um.b_d_app.CompositeTransaction@26f0a63f of size 3 at level 1 is creating its iterator...
Fetching transaction DepositTransaction mt.edu.um.b_d_app.AtomicTransaction@4361bd48 from inside HighRiskTransaction mt.edu.um.b_d_app.CompositeTransaction@26f0a63f
Extracting transaction from inside DepositTransaction: DepositTransaction
Have added mt.edu.um.b_d_app.AtomicTransaction@4361bd48 to the array list of atomic transactions
Moving on to extract the next transaction for mt.edu.um.b_d_app.CompositeTransaction@26f0a63f
Fetching transaction MainTransaction mt.edu.um.b_d_app.CompositeTransaction@53bd815b from inside HighRiskTransaction mt.edu.um.b_d_app.CompositeTransaction@26f0a63f
Composite transaction MainTransaction mt.edu.um.b_d_app.CompositeTransaction@53bd815b of size 5 at level 1 is creating its iterator...
Fetching transaction MTransaction0 mt.edu.um.b_d_app.AtomicTransaction@2401f4c3 from inside MainTransaction mt.edu.um.b_d_app.CompositeTransaction@53bd815b
Extracting transaction from inside MTransaction0: MTransaction0
Have added mt.edu.um.b_d_app.AtomicTransaction@2401f4c3 to the array list of atomic transactions
Moving on to extract the next transaction for mt.edu.um.b_d_app.CompositeTransaction@53bd815b
Fetching transaction MTransaction1 mt.edu.um.b_d_app.AtomicTransaction@7637f22 from inside MainTransaction mt.edu.um.b_d_app.CompositeTransaction@53bd815b
Extracting transaction from inside MTransaction1: MTransaction1
Have added mt.edu.um.b_d_app.AtomicTransaction@7637f22 to the array list of atomic transactions
Moving on to extract the next transaction for mt.edu.um.b_d_app.CompositeTransaction@53bd815b
Fetching transaction MTransaction2 mt.edu.um.b_d_app.AtomicTransaction@4926097b from inside MainTransaction mt.edu.um.b_d_app.CompositeTransaction@53bd815b
Extracting transaction from inside MTransaction2: MTransaction2
Have added mt.edu.um.b_d_app.AtomicTransaction@4926097b to the array list of atomic transactions
Moving on to extract the next transaction for mt.edu.um.b_d_app.CompositeTransaction@53bd815b
Fetching transaction MTransaction3 mt.edu.um.b_d_app.AtomicTransaction@762efe5d from inside MainTransaction mt.edu.um.b_d_app.CompositeTransaction@53bd815b
Extracting transaction from inside MTransaction3: MTransaction3
Have added mt.edu.um.b_d_app.AtomicTransaction@762efe5d to the array list of atomic transactions
Moving on to extract the next transaction for mt.edu.um.b_d_app.CompositeTransaction@53bd815b
Fetching transaction MTransaction4 mt.edu.um.b_d_app.AtomicTransaction@5d22bbb7 from inside MainTransaction mt.edu.um.b_d_app.CompositeTransaction@53bd815b
Extracting transaction from inside MTransaction4: MTransaction4
Have added mt.edu.um.b_d_app.AtomicTransaction@5d22bbb7 to the array list of atomic transactions
Moving on to extract the next transaction for mt.edu.um.b_d_app.CompositeTransaction@53bd815b
Moving on to extract the next transaction for mt.edu.um.b_d_app.CompositeTransaction@26f0a63f
Fetching transaction CommissionTransaction mt.edu.um.b_d_app.CompositeTransaction@41a4555e from inside HighRiskTransaction mt.edu.um.b_d_app.CompositeTransaction@26f0a63f
Composite transaction CommissionTransaction mt.edu.um.b_d_app.CompositeTransaction@41a4555e of size 5 at level 1 is creating its iterator...
Fetching transaction CTransaction0 mt.edu.um.b_d_app.AtomicTransaction@3830f1c0 from inside CommissionTransaction mt.edu.um.b_d_app.CompositeTransaction@41a4555e
Extracting transaction from inside CTransaction0: CTransaction0
Have added mt.edu.um.b_d_app.AtomicTransaction@3830f1c0 to the array list of atomic transactions
Moving on to extract the next transaction for mt.edu.um.b_d_app.CompositeTransaction@41a4555e
Fetching transaction CTransaction1 mt.edu.um.b_d_app.AtomicTransaction@39ed3c8d from inside CommissionTransaction mt.edu.um.b_d_app.CompositeTransaction@41a4555e
Extracting transaction from inside CTransaction1: CTransaction1
Have added mt.edu.um.b_d_app.AtomicTransaction@39ed3c8d to the array list of atomic transactions
Moving on to extract the next transaction for mt.edu.um.b_d_app.CompositeTransaction@41a4555e
Fetching transaction CTransaction2 mt.edu.um.b_d_app.AtomicTransaction@71dac704 from inside CommissionTransaction mt.edu.um.b_d_app.CompositeTransaction@41a4555e
Extracting transaction from inside CTransaction2: CTransaction2
Have added mt.edu.um.b_d_app.AtomicTransaction@71dac704 to the array list of atomic transactions
Moving on to extract the next transaction for mt.edu.um.b_d_app.CompositeTransaction@41a4555e
Fetching transaction CTransaction3 mt.edu.um.b_d_app.AtomicTransaction@123772c4 from inside CommissionTransaction mt.edu.um.b_d_app.CompositeTransaction@41a4555e
Extracting transaction from inside CTransaction3: CTransaction3
Have added mt.edu.um.b_d_app.AtomicTransaction@123772c4 to the array list of atomic transactions
Moving on to extract the next transaction for mt.edu.um.b_d_app.CompositeTransaction@41a4555e
Fetching transaction CTransaction4 mt.edu.um.b_d_app.AtomicTransaction@2d363fb3 from inside CommissionTransaction mt.edu.um.b_d_app.CompositeTransaction@41a4555e
Extracting transaction from inside CTransaction4: CTransaction4
Have added mt.edu.um.b_d_app.AtomicTransaction@2d363fb3 to the array list of atomic transactions
Moving on to extract the next transaction for mt.edu.um.b_d_app.CompositeTransaction@41a4555e
Moving on to extract the next transaction for mt.edu.um.b_d_app.CompositeTransaction@26f0a63f
</system-out>
  </testcase>
  <testcase classname="mt.edu.um.b_d_app.TraversalSortingTest" name="srcAccountExistsFilteringTest" time="0.006">
    <error type="java.lang.NullPointerException">java.lang.NullPointerException
	at mt.edu.um.b_d_app.TraversalSortingTest.srcAccountExistsFilteringTest(TraversalSortingTest.java:96)
	at sun.reflect.NativeMethodAccessorImpl.invoke0(Native Method)
	at sun.reflect.NativeMethodAccessorImpl.invoke(NativeMethodAccessorImpl.java:62)
	at sun.reflect.DelegatingMethodAccessorImpl.invoke(DelegatingMethodAccessorImpl.java:43)
	at java.lang.reflect.Method.invoke(Method.java:483)
	at org.junit.runners.model.FrameworkMethod$1.runReflectiveCall(FrameworkMethod.java:47)
	at org.junit.internal.runners.model.ReflectiveCallable.run(ReflectiveCallable.java:12)
	at org.junit.runners.model.FrameworkMethod.invokeExplosively(FrameworkMethod.java:44)
	at org.junit.internal.runners.statements.InvokeMethod.evaluate(InvokeMethod.java:17)
	at org.junit.internal.runners.statements.RunBefores.evaluate(RunBefores.java:26)
	at org.junit.runners.ParentRunner.runLeaf(ParentRunner.java:271)
	at org.junit.runners.BlockJUnit4ClassRunner.runChild(BlockJUnit4ClassRunner.java:70)
	at org.junit.runners.BlockJUnit4ClassRunner.runChild(BlockJUnit4ClassRunner.java:50)
	at org.junit.runners.ParentRunner$3.run(ParentRunner.java:238)
	at org.junit.runners.ParentRunner$1.schedule(ParentRunner.java:63)
	at org.junit.runners.ParentRunner.runChildren(ParentRunner.java:236)
	at org.junit.runners.ParentRunner.access$000(ParentRunner.java:53)
	at org.junit.runners.ParentRunner$2.evaluate(ParentRunner.java:229)
	at org.junit.runners.ParentRunner.run(ParentRunner.java:309)
	at org.apache.maven.surefire.junit4.JUnit4TestSet.execute(JUnit4TestSet.java:53)
	at org.apache.maven.surefire.junit4.JUnit4Provider.executeTestSet(JUnit4Provider.java:123)
	at org.apache.maven.surefire.junit4.JUnit4Provider.invoke(JUnit4Provider.java:104)
	at sun.reflect.NativeMethodAccessorImpl.invoke0(Native Method)
	at sun.reflect.NativeMethodAccessorImpl.invoke(NativeMethodAccessorImpl.java:62)
	at sun.reflect.DelegatingMethodAccessorImpl.invoke(DelegatingMethodAccessorImpl.java:43)
	at java.lang.reflect.Method.invoke(Method.java:483)
	at org.apache.maven.surefire.util.ReflectionUtils.invokeMethodWithArray(ReflectionUtils.java:164)
	at org.apache.maven.surefire.booter.ProviderFactory$ProviderProxy.invoke(ProviderFactory.java:110)
	at org.apache.maven.surefire.booter.SurefireStarter.invokeProvider(SurefireStarter.java:175)
	at org.apache.maven.surefire.booter.SurefireStarter.runSuitesInProcessWhenForked(SurefireStarter.java:107)
	at org.apache.maven.surefire.booter.ForkedBooter.main(ForkedBooter.java:68)
</error>
    <system-out>Composite transaction HighRiskTransaction mt.edu.um.b_d_app.CompositeTransaction@5aaa6d82 of size 3 at level 1 is creating its iterator...
Fetching transaction DepositTransaction mt.edu.um.b_d_app.AtomicTransaction@73a28541 from inside HighRiskTransaction mt.edu.um.b_d_app.CompositeTransaction@5aaa6d82
Extracting transaction from inside DepositTransaction: DepositTransaction
Have added mt.edu.um.b_d_app.AtomicTransaction@73a28541 to the array list of atomic transactions
Moving on to extract the next transaction for mt.edu.um.b_d_app.CompositeTransaction@5aaa6d82
Fetching transaction MainTransaction mt.edu.um.b_d_app.CompositeTransaction@6f75e721 from inside HighRiskTransaction mt.edu.um.b_d_app.CompositeTransaction@5aaa6d82
Composite transaction MainTransaction mt.edu.um.b_d_app.CompositeTransaction@6f75e721 of size 5 at level 1 is creating its iterator...
Fetching transaction MTransaction0 mt.edu.um.b_d_app.AtomicTransaction@69222c14 from inside MainTransaction mt.edu.um.b_d_app.CompositeTransaction@6f75e721
Extracting transaction from inside MTransaction0: MTransaction0
Have added mt.edu.um.b_d_app.AtomicTransaction@69222c14 to the array list of atomic transactions
Moving on to extract the next transaction for mt.edu.um.b_d_app.CompositeTransaction@6f75e721
Fetching transaction MTransaction1 mt.edu.um.b_d_app.AtomicTransaction@606d8acf from inside MainTransaction mt.edu.um.b_d_app.CompositeTransaction@6f75e721
Extracting transaction from inside MTransaction1: MTransaction1
Have added mt.edu.um.b_d_app.AtomicTransaction@606d8acf to the array list of atomic transactions
Moving on to extract the next transaction for mt.edu.um.b_d_app.CompositeTransaction@6f75e721
Fetching transaction MTransaction2 mt.edu.um.b_d_app.AtomicTransaction@782830e from inside MainTransaction mt.edu.um.b_d_app.CompositeTransaction@6f75e721
Extracting transaction from inside MTransaction2: MTransaction2
Have added mt.edu.um.b_d_app.AtomicTransaction@782830e to the array list of atomic transactions
Moving on to extract the next transaction for mt.edu.um.b_d_app.CompositeTransaction@6f75e721
Fetching transaction MTransaction3 mt.edu.um.b_d_app.AtomicTransaction@470e2030 from inside MainTransaction mt.edu.um.b_d_app.CompositeTransaction@6f75e721
Extracting transaction from inside MTransaction3: MTransaction3
Have added mt.edu.um.b_d_app.AtomicTransaction@470e2030 to the array list of atomic transactions
Moving on to extract the next transaction for mt.edu.um.b_d_app.CompositeTransaction@6f75e721
Fetching transaction MTransaction4 mt.edu.um.b_d_app.AtomicTransaction@3fb4f649 from inside MainTransaction mt.edu.um.b_d_app.CompositeTransaction@6f75e721
Extracting transaction from inside MTransaction4: MTransaction4
Have added mt.edu.um.b_d_app.AtomicTransaction@3fb4f649 to the array list of atomic transactions
Moving on to extract the next transaction for mt.edu.um.b_d_app.CompositeTransaction@6f75e721
Moving on to extract the next transaction for mt.edu.um.b_d_app.CompositeTransaction@5aaa6d82
Fetching transaction CommissionTransaction mt.edu.um.b_d_app.CompositeTransaction@33833882 from inside HighRiskTransaction mt.edu.um.b_d_app.CompositeTransaction@5aaa6d82
Composite transaction CommissionTransaction mt.edu.um.b_d_app.CompositeTransaction@33833882 of size 5 at level 1 is creating its iterator...
Fetching transaction CTransaction0 mt.edu.um.b_d_app.AtomicTransaction@200a570f from inside CommissionTransaction mt.edu.um.b_d_app.CompositeTransaction@33833882
Extracting transaction from inside CTransaction0: CTransaction0
Have added mt.edu.um.b_d_app.AtomicTransaction@200a570f to the array list of atomic transactions
Moving on to extract the next transaction for mt.edu.um.b_d_app.CompositeTransaction@33833882
Fetching transaction CTransaction1 mt.edu.um.b_d_app.AtomicTransaction@16b3fc9e from inside CommissionTransaction mt.edu.um.b_d_app.CompositeTransaction@33833882
Extracting transaction from inside CTransaction1: CTransaction1
Have added mt.edu.um.b_d_app.AtomicTransaction@16b3fc9e to the array list of atomic transactions
Moving on to extract the next transaction for mt.edu.um.b_d_app.CompositeTransaction@33833882
Fetching transaction CTransaction2 mt.edu.um.b_d_app.AtomicTransaction@e2d56bf from inside CommissionTransaction mt.edu.um.b_d_app.CompositeTransaction@33833882
Extracting transaction from inside CTransaction2: CTransaction2
Have added mt.edu.um.b_d_app.AtomicTransaction@e2d56bf to the array list of atomic transactions
Moving on to extract the next transaction for mt.edu.um.b_d_app.CompositeTransaction@33833882
Fetching transaction CTransaction3 mt.edu.um.b_d_app.AtomicTransaction@244038d0 from inside CommissionTransaction mt.edu.um.b_d_app.CompositeTransaction@33833882
Extracting transaction from inside CTransaction3: CTransaction3
Have added mt.edu.um.b_d_app.AtomicTransaction@244038d0 to the array list of atomic transactions
Moving on to extract the next transaction for mt.edu.um.b_d_app.CompositeTransaction@33833882
Fetching transaction CTransaction4 mt.edu.um.b_d_app.AtomicTransaction@5680a178 from inside CommissionTransaction mt.edu.um.b_d_app.CompositeTransaction@33833882
Extracting transaction from inside CTransaction4: CTransaction4
Have added mt.edu.um.b_d_app.AtomicTransaction@5680a178 to the array list of atomic transactions
Moving on to extract the next transaction for mt.edu.um.b_d_app.CompositeTransaction@33833882
Moving on to extract the next transaction for mt.edu.um.b_d_app.CompositeTransaction@5aaa6d82
</system-out>
  </testcase>
  <testcase classname="mt.edu.um.b_d_app.TraversalSortingTest" name="amountDescendingTest" time="0.013"/>
  <testcase classname="mt.edu.um.b_d_app.TraversalSortingTest" name="amountAscendingTest" time="0.01"/>
</testsuite>