<?xml version="1.0" encoding="UTF-8" ?>
<testsuite tests="6" failures="0" name="mt.edu.um.b_d_app.AccountDatabaseTest" time="0.06" errors="0" skipped="0">
  <properties>
[...]
</properties>
  <testcase classname="mt.edu.um.b_d_app.AccountDatabaseTest" name="getAccountTest1" time="0.015"/>
  <testcase classname="mt.edu.um.b_d_app.AccountDatabaseTest" name="getAccountTest2" time="0"/>
  <testcase classname="mt.edu.um.b_d_app.AccountDatabaseTest" name="getSizeTest" time="0"/>
  <testcase classname="mt.edu.um.b_d_app.AccountDatabaseTest" name="addAccountTest1" time="0"/>
  <testcase classname="mt.edu.um.b_d_app.AccountDatabaseTest" name="addAccountTest2" time="0"/>
  <testcase classname="mt.edu.um.b_d_app.AccountDatabaseTest" name="addAccountObjectTest" time="0"/>
</testsuite>