<?xml version="1.0" encoding="UTF-8" ?>
<testsuite tests="4" failures="1" name="mt.edu.um.b_d_app.TraversalSortingTest" time="0.053" errors="1" skipped="0">
  <properties>
    <property name="java.runtime.name" value="Java(TM) SE Runtime Environment"/>
    <property name="sun.boot.library.path" value="C:\Program Files\Java\jdk1.8.0_25\jre\bin"/>
    <property name="java.vm.version" value="25.25-b02"/>
    <property name="java.vm.vendor" value="Oracle Corporation"/>
    <property name="java.vendor.url" value="http://java.oracle.com/"/>
    <property name="path.separator" value=";"/>
    <property name="guice.disable.misplaced.annotation.check" value="true"/>
    <property name="java.vm.name" value="Java HotSpot(TM) 64-Bit Server VM"/>
    <property name="file.encoding.pkg" value="sun.io"/>
    <property name="user.script" value=""/>
    <property name="user.country" value="GB"/>
    <property name="sun.java.launcher" value="SUN_STANDARD"/>
    <property name="sun.os.patch.level" value=""/>
    <property name="java.vm.specification.name" value="Java Virtual Machine Specification"/>
    <property name="user.dir" value="C:\Users\Beatrix\Documents\GitHub\BDApp"/>
    <property name="java.runtime.version" value="1.8.0_25-b18"/>
    <property name="java.awt.graphicsenv" value="sun.awt.Win32GraphicsEnvironment"/>
    <property name="java.endorsed.dirs" value="C:\Program Files\Java\jdk1.8.0_25\jre\lib\endorsed"/>
    <property name="os.arch" value="amd64"/>
    <property name="java.io.tmpdir" value="C:\Users\Beatrix\AppData\Local\Temp\"/>
    <property name="line.separator" value="
"/>
    <property name="java.vm.specification.vendor" value="Oracle Corporation"/>
    <property name="user.variant" value=""/>
    <property name="os.name" value="Windows 8.1"/>
    <property name="maven.ext.class.path" value="C:\Users\Beatrix\AppData\Roaming\NetBeans\8.0.2\maven-nblib\netbeans-eventspy.jar"/>
    <property name="classworlds.conf" value="C:\Program Files\NetBeans 8.0.2\java\maven\bin\m2.conf"/>
    <property name="sun.jnu.encoding" value="Cp1252"/>
    <property name="java.library.path" value="C:\Program Files\Java\jdk1.8.0_25\bin;C:\Windows\Sun\Java\bin;C:\Windows\system32;C:\Windows;C:\ProgramData\Oracle\Java\javapath;C:\Program Files (x86)\NVIDIA Corporation\PhysX\Common;C:\Program Files (x86)\Intel\iCLS Client\;C:\Program Files\Intel\iCLS Client\;C:\Windows\system32;C:\Windows;C:\Windows\System32\Wbem;C:\Windows\System32\WindowsPowerShell\v1.0\;C:\Program Files\Intel\Intel(R) Management Engine Components\DAL;C:\Program Files\Intel\Intel(R) Management Engine Components\IPT;C:\Program Files (x86)\Intel\Intel(R) Management Engine Components\DAL;C:\Program Files (x86)\Intel\Intel(R) Management Engine Components\IPT;C:\MinGW\msys\1.0;C:\MinGW\include;C:\MinGW\bin;C:\MinGW\lib;C:\Program Files (x86)\scala\bin;C:\aspectj1.8\bin;C:\Program Files\Java\jdk1.8.0_25\bin;C:\Program Files (x86)\MATLAB\R2013a Student\bin;C:\jflex-1.6.1\bin;C:\dev\apps\apache-maven-3.3.1-bin\apache-maven-3.3.1\bin;C:\Users\Beatrix\Anaconda3;C:\Users\Beatrix\Anaconda3\Scripts;."/>
    <property name="java.specification.name" value="Java Platform API Specification"/>
    <property name="java.class.version" value="52.0"/>
    <property name="sun.management.compiler" value="HotSpot 64-Bit Tiered Compilers"/>
    <property name="os.version" value="6.3"/>
    <property name="user.home" value="C:\Users\Beatrix"/>
    <property name="user.timezone" value="Europe/Berlin"/>
    <property name="java.awt.printerjob" value="sun.awt.windows.WPrinterJob"/>
    <property name="java.specification.version" value="1.8"/>
    <property name="file.encoding" value="Cp1252"/>
    <property name="user.name" value="Beatrix"/>
    <property name="java.class.path" value="C:\Program Files\NetBeans 8.0.2\java\maven\boot\plexus-classworlds-2.4.jar"/>
    <property name="java.vm.specification.version" value="1.8"/>
    <property name="sun.arch.data.model" value="64"/>
    <property name="java.home" value="C:\Program Files\Java\jdk1.8.0_25\jre"/>
    <property name="sun.java.command" value="org.codehaus.plexus.classworlds.launcher.Launcher -Dmaven.ext.class.path=C:\Users\Beatrix\AppData\Roaming\NetBeans\8.0.2\maven-nblib\netbeans-eventspy.jar test"/>
    <property name="java.specification.vendor" value="Oracle Corporation"/>
    <property name="user.language" value="en"/>
    <property name="awt.toolkit" value="sun.awt.windows.WToolkit"/>
    <property name="java.vm.info" value="mixed mode"/>
    <property name="java.version" value="1.8.0_25"/>
    <property name="java.ext.dirs" value="C:\Program Files\Java\jdk1.8.0_25\jre\lib\ext;C:\Windows\Sun\Java\lib\ext"/>
    <property name="sun.boot.class.path" value="C:\Program Files\Java\jdk1.8.0_25\jre\lib\resources.jar;C:\Program Files\Java\jdk1.8.0_25\jre\lib\rt.jar;C:\Program Files\Java\jdk1.8.0_25\jre\lib\sunrsasign.jar;C:\Program Files\Java\jdk1.8.0_25\jre\lib\jsse.jar;C:\Program Files\Java\jdk1.8.0_25\jre\lib\jce.jar;C:\Program Files\Java\jdk1.8.0_25\jre\lib\charsets.jar;C:\Program Files\Java\jdk1.8.0_25\jre\lib\jfr.jar;C:\Program Files\Java\jdk1.8.0_25\jre\classes"/>
    <property name="java.vendor" value="Oracle Corporation"/>
    <property name="maven.home" value="C:\Program Files\NetBeans 8.0.2\java\maven"/>
    <property name="file.separator" value="\"/>
    <property name="java.vendor.url.bug" value="http://bugreport.sun.com/bugreport/"/>
    <property name="sun.cpu.endian" value="little"/>
    <property name="sun.io.unicode.encoding" value="UnicodeLittle"/>
    <property name="sun.desktop" value="windows"/>
    <property name="sun.cpu.isalist" value="amd64"/>
  </properties>
  <testcase classname="mt.edu.um.b_d_app.TraversalSortingTest" name="srcAccountDoesNotExistFilteringTest" time="0.022">
    <failure message="expected:&lt;null&gt; but was:&lt;[]&gt;" type="java.lang.AssertionError">java.lang.AssertionError: expected:&lt;null&gt; but was:&lt;[]&gt;
	at org.junit.Assert.fail(Assert.java:88)
	at org.junit.Assert.failNotEquals(Assert.java:743)
	at org.junit.Assert.assertEquals(Assert.java:118)
	at org.junit.Assert.assertEquals(Assert.java:144)
	at mt.edu.um.b_d_app.TraversalSortingTest.srcAccountDoesNotExistFilteringTest(TraversalSortingTest.java:106)
	at sun.reflect.NativeMethodAccessorImpl.invoke0(Native Method)
	at sun.reflect.NativeMethodAccessorImpl.invoke(NativeMethodAccessorImpl.java:62)
	at sun.reflect.DelegatingMethodAccessorImpl.invoke(DelegatingMethodAccessorImpl.java:43)
	at java.lang.reflect.Method.invoke(Method.java:483)
	at org.junit.runners.model.FrameworkMethod$1.runReflectiveCall(FrameworkMethod.java:47)
	at org.junit.internal.runners.model.ReflectiveCallable.run(ReflectiveCallable.java:12)
	at org.junit.runners.model.FrameworkMethod.invokeExplosively(FrameworkMethod.java:44)
	at org.junit.internal.runners.statements.InvokeMethod.evaluate(InvokeMethod.java:17)
	at org.junit.internal.runners.statements.RunBefores.evaluate(RunBefores.java:26)
	at org.junit.runners.ParentRunner.runLeaf(ParentRunner.java:271)
	at org.junit.runners.BlockJUnit4ClassRunner.runChild(BlockJUnit4ClassRunner.java:70)
	at org.junit.runners.BlockJUnit4ClassRunner.runChild(BlockJUnit4ClassRunner.java:50)
	at org.junit.runners.ParentRunner$3.run(ParentRunner.java:238)
	at org.junit.runners.ParentRunner$1.schedule(ParentRunner.java:63)
	at org.junit.runners.ParentRunner.runChildren(ParentRunner.java:236)
	at org.junit.runners.ParentRunner.access$000(ParentRunner.java:53)
	at org.junit.runners.ParentRunner$2.evaluate(ParentRunner.java:229)
	at org.junit.runners.ParentRunner.run(ParentRunner.java:309)
	at org.apache.maven.surefire.junit4.JUnit4TestSet.execute(JUnit4TestSet.java:53)
	at org.apache.maven.surefire.junit4.JUnit4Provider.executeTestSet(JUnit4Provider.java:123)
	at org.apache.maven.surefire.junit4.JUnit4Provider.invoke(JUnit4Provider.java:104)
	at sun.reflect.NativeMethodAccessorImpl.invoke0(Native Method)
	at sun.reflect.NativeMethodAccessorImpl.invoke(NativeMethodAccessorImpl.java:62)
	at sun.reflect.DelegatingMethodAccessorImpl.invoke(DelegatingMethodAccessorImpl.java:43)
	at java.lang.reflect.Method.invoke(Method.java:483)
	at org.apache.maven.surefire.util.ReflectionUtils.invokeMethodWithArray(ReflectionUtils.java:164)
	at org.apache.maven.surefire.booter.ProviderFactory$ProviderProxy.invoke(ProviderFactory.java:110)
	at org.apache.maven.surefire.booter.SurefireStarter.invokeProvider(SurefireStarter.java:175)
	at org.apache.maven.surefire.booter.SurefireStarter.runSuitesInProcessWhenForked(SurefireStarter.java:107)
	at org.apache.maven.surefire.booter.ForkedBooter.main(ForkedBooter.java:68)
</failure>
    <system-out>Composite transaction HighRiskTransaction mt.edu.um.b_d_app.CompositeTransaction@26f0a63f of size 3 at level 1 is creating its iterator...
Fetching transaction DepositTransaction mt.edu.um.b_d_app.AtomicTransaction@4361bd48 from inside HighRiskTransaction mt.edu.um.b_d_app.CompositeTransaction@26f0a63f
Extracting transaction from inside DepositTransaction: DepositTransaction
Have added mt.edu.um.b_d_app.AtomicTransaction@4361bd48 to the array list of atomic transactions
Moving on to extract the next transaction for mt.edu.um.b_d_app.CompositeTransaction@26f0a63f
Fetching transaction MainTransaction mt.edu.um.b_d_app.CompositeTransaction@53bd815b from inside HighRiskTransaction mt.edu.um.b_d_app.CompositeTransaction@26f0a63f
Composite transaction MainTransaction mt.edu.um.b_d_app.CompositeTransaction@53bd815b of size 5 at level 1 is creating its iterator...
Fetching transaction MTransaction0 mt.edu.um.b_d_app.AtomicTransaction@2401f4c3 from inside MainTransaction mt.edu.um.b_d_app.CompositeTransaction@53bd815b
Extracting transaction from inside MTransaction0: MTransaction0
Have added mt.edu.um.b_d_app.AtomicTransaction@2401f4c3 to the array list of atomic transactions
Moving on to extract the next transaction for mt.edu.um.b_d_app.CompositeTransaction@53bd815b
Fetching transaction MTransaction1 mt.edu.um.b_d_app.AtomicTransaction@7637f22 from inside MainTransaction mt.edu.um.b_d_app.CompositeTransaction@53bd815b
Extracting transaction from inside MTransaction1: MTransaction1
Have added mt.edu.um.b_d_app.AtomicTransaction@7637f22 to the array list of atomic transactions
Moving on to extract the next transaction for mt.edu.um.b_d_app.CompositeTransaction@53bd815b
Fetching transaction MTransaction2 mt.edu.um.b_d_app.AtomicTransaction@4926097b from inside MainTransaction mt.edu.um.b_d_app.CompositeTransaction@53bd815b
Extracting transaction from inside MTransaction2: MTransaction2
Have added mt.edu.um.b_d_app.AtomicTransaction@4926097b to the array list of atomic transactions
Moving on to extract the next transaction for mt.edu.um.b_d_app.CompositeTransaction@53bd815b
Fetching transaction MTransaction3 mt.edu.um.b_d_app.AtomicTransaction@762efe5d from inside MainTransaction mt.edu.um.b_d_app.CompositeTransaction@53bd815b
Extracting transaction from inside MTransaction3: MTransaction3
Have added mt.edu.um.b_d_app.AtomicTransaction@762efe5d to the array list of atomic transactions
Moving on to extract the next transaction for mt.edu.um.b_d_app.CompositeTransaction@53bd815b
Fetching transaction MTransaction4 mt.edu.um.b_d_app.AtomicTransaction@5d22bbb7 from inside MainTransaction mt.edu.um.b_d_app.CompositeTransaction@53bd815b
Extracting transaction from inside MTransaction4: MTransaction4
Have added mt.edu.um.b_d_app.AtomicTransaction@5d22bbb7 to the array list of atomic transactions
Moving on to extract the next transaction for mt.edu.um.b_d_app.CompositeTransaction@53bd815b
Moving on to extract the next transaction for mt.edu.um.b_d_app.CompositeTransaction@26f0a63f
Fetching transaction CommissionTransaction mt.edu.um.b_d_app.CompositeTransaction@41a4555e from inside HighRiskTransaction mt.edu.um.b_d_app.CompositeTransaction@26f0a63f
Composite transaction CommissionTransaction mt.edu.um.b_d_app.CompositeTransaction@41a4555e of size 5 at level 1 is creating its iterator...
Fetching transaction CTransaction0 mt.edu.um.b_d_app.AtomicTransaction@3830f1c0 from inside CommissionTransaction mt.edu.um.b_d_app.CompositeTransaction@41a4555e
Extracting transaction from inside CTransaction0: CTransaction0
Have added mt.edu.um.b_d_app.AtomicTransaction@3830f1c0 to the array list of atomic transactions
Moving on to extract the next transaction for mt.edu.um.b_d_app.CompositeTransaction@41a4555e
Fetching transaction CTransaction1 mt.edu.um.b_d_app.AtomicTransaction@39ed3c8d from inside CommissionTransaction mt.edu.um.b_d_app.CompositeTransaction@41a4555e
Extracting transaction from inside CTransaction1: CTransaction1
Have added mt.edu.um.b_d_app.AtomicTransaction@39ed3c8d to the array list of atomic transactions
Moving on to extract the next transaction for mt.edu.um.b_d_app.CompositeTransaction@41a4555e
Fetching transaction CTransaction2 mt.edu.um.b_d_app.AtomicTransaction@71dac704 from inside CommissionTransaction mt.edu.um.b_d_app.CompositeTransaction@41a4555e
Extracting transaction from inside CTransaction2: CTransaction2
Have added mt.edu.um.b_d_app.AtomicTransaction@71dac704 to the array list of atomic transactions
Moving on to extract the next transaction for mt.edu.um.b_d_app.CompositeTransaction@41a4555e
Fetching transaction CTransaction3 mt.edu.um.b_d_app.AtomicTransaction@123772c4 from inside CommissionTransaction mt.edu.um.b_d_app.CompositeTransaction@41a4555e
Extracting transaction from inside CTransaction3: CTransaction3
Have added mt.edu.um.b_d_app.AtomicTransaction@123772c4 to the array list of atomic transactions
Moving on to extract the next transaction for mt.edu.um.b_d_app.CompositeTransaction@41a4555e
Fetching transaction CTransaction4 mt.edu.um.b_d_app.AtomicTransaction@2d363fb3 from inside CommissionTransaction mt.edu.um.b_d_app.CompositeTransaction@41a4555e
Extracting transaction from inside CTransaction4: CTransaction4
Have added mt.edu.um.b_d_app.AtomicTransaction@2d363fb3 to the array list of atomic transactions
Moving on to extract the next transaction for mt.edu.um.b_d_app.CompositeTransaction@41a4555e
Moving on to extract the next transaction for mt.edu.um.b_d_app.CompositeTransaction@26f0a63f
</system-out>
  </testcase>
  <testcase classname="mt.edu.um.b_d_app.TraversalSortingTest" name="srcAccountExistsFilteringTest" time="0.006">
    <error type="java.lang.NullPointerException">java.lang.NullPointerException
	at mt.edu.um.b_d_app.TraversalSortingTest.srcAccountExistsFilteringTest(TraversalSortingTest.java:96)
	at sun.reflect.NativeMethodAccessorImpl.invoke0(Native Method)
	at sun.reflect.NativeMethodAccessorImpl.invoke(NativeMethodAccessorImpl.java:62)
	at sun.reflect.DelegatingMethodAccessorImpl.invoke(DelegatingMethodAccessorImpl.java:43)
	at java.lang.reflect.Method.invoke(Method.java:483)
	at org.junit.runners.model.FrameworkMethod$1.runReflectiveCall(FrameworkMethod.java:47)
	at org.junit.internal.runners.model.ReflectiveCallable.run(ReflectiveCallable.java:12)
	at org.junit.runners.model.FrameworkMethod.invokeExplosively(FrameworkMethod.java:44)
	at org.junit.internal.runners.statements.InvokeMethod.evaluate(InvokeMethod.java:17)
	at org.junit.internal.runners.statements.RunBefores.evaluate(RunBefores.java:26)
	at org.junit.runners.ParentRunner.runLeaf(ParentRunner.java:271)
	at org.junit.runners.BlockJUnit4ClassRunner.runChild(BlockJUnit4ClassRunner.java:70)
	at org.junit.runners.BlockJUnit4ClassRunner.runChild(BlockJUnit4ClassRunner.java:50)
	at org.junit.runners.ParentRunner$3.run(ParentRunner.java:238)
	at org.junit.runners.ParentRunner$1.schedule(ParentRunner.java:63)
	at org.junit.runners.ParentRunner.runChildren(ParentRunner.java:236)
	at org.junit.runners.ParentRunner.access$000(ParentRunner.java:53)
	at org.junit.runners.ParentRunner$2.evaluate(ParentRunner.java:229)
	at org.junit.runners.ParentRunner.run(ParentRunner.java:309)
	at org.apache.maven.surefire.junit4.JUnit4TestSet.execute(JUnit4TestSet.java:53)
	at org.apache.maven.surefire.junit4.JUnit4Provider.executeTestSet(JUnit4Provider.java:123)
	at org.apache.maven.surefire.junit4.JUnit4Provider.invoke(JUnit4Provider.java:104)
	at sun.reflect.NativeMethodAccessorImpl.invoke0(Native Method)
	at sun.reflect.NativeMethodAccessorImpl.invoke(NativeMethodAccessorImpl.java:62)
	at sun.reflect.DelegatingMethodAccessorImpl.invoke(DelegatingMethodAccessorImpl.java:43)
	at java.lang.reflect.Method.invoke(Method.java:483)
	at org.apache.maven.surefire.util.ReflectionUtils.invokeMethodWithArray(ReflectionUtils.java:164)
	at org.apache.maven.surefire.booter.ProviderFactory$ProviderProxy.invoke(ProviderFactory.java:110)
	at org.apache.maven.surefire.booter.SurefireStarter.invokeProvider(SurefireStarter.java:175)
	at org.apache.maven.surefire.booter.SurefireStarter.runSuitesInProcessWhenForked(SurefireStarter.java:107)
	at org.apache.maven.surefire.booter.ForkedBooter.main(ForkedBooter.java:68)
</error>
    <system-out>Composite transaction HighRiskTransaction mt.edu.um.b_d_app.CompositeTransaction@5aaa6d82 of size 3 at level 1 is creating its iterator...
Fetching transaction DepositTransaction mt.edu.um.b_d_app.AtomicTransaction@73a28541 from inside HighRiskTransaction mt.edu.um.b_d_app.CompositeTransaction@5aaa6d82
Extracting transaction from inside DepositTransaction: DepositTransaction
Have added mt.edu.um.b_d_app.AtomicTransaction@73a28541 to the array list of atomic transactions
Moving on to extract the next transaction for mt.edu.um.b_d_app.CompositeTransaction@5aaa6d82
Fetching transaction MainTransaction mt.edu.um.b_d_app.CompositeTransaction@6f75e721 from inside HighRiskTransaction mt.edu.um.b_d_app.CompositeTransaction@5aaa6d82
Composite transaction MainTransaction mt.edu.um.b_d_app.CompositeTransaction@6f75e721 of size 5 at level 1 is creating its iterator...
Fetching transaction MTransaction0 mt.edu.um.b_d_app.AtomicTransaction@69222c14 from inside MainTransaction mt.edu.um.b_d_app.CompositeTransaction@6f75e721
Extracting transaction from inside MTransaction0: MTransaction0
Have added mt.edu.um.b_d_app.AtomicTransaction@69222c14 to the array list of atomic transactions
Moving on to extract the next transaction for mt.edu.um.b_d_app.CompositeTransaction@6f75e721
Fetching transaction MTransaction1 mt.edu.um.b_d_app.AtomicTransaction@606d8acf from inside MainTransaction mt.edu.um.b_d_app.CompositeTransaction@6f75e721
Extracting transaction from inside MTransaction1: MTransaction1
Have added mt.edu.um.b_d_app.AtomicTransaction@606d8acf to the array list of atomic transactions
Moving on to extract the next transaction for mt.edu.um.b_d_app.CompositeTransaction@6f75e721
Fetching transaction MTransaction2 mt.edu.um.b_d_app.AtomicTransaction@782830e from inside MainTransaction mt.edu.um.b_d_app.CompositeTransaction@6f75e721
Extracting transaction from inside MTransaction2: MTransaction2
Have added mt.edu.um.b_d_app.AtomicTransaction@782830e to the array list of atomic transactions
Moving on to extract the next transaction for mt.edu.um.b_d_app.CompositeTransaction@6f75e721
Fetching transaction MTransaction3 mt.edu.um.b_d_app.AtomicTransaction@470e2030 from inside MainTransaction mt.edu.um.b_d_app.CompositeTransaction@6f75e721
Extracting transaction from inside MTransaction3: MTransaction3
Have added mt.edu.um.b_d_app.AtomicTransaction@470e2030 to the array list of atomic transactions
Moving on to extract the next transaction for mt.edu.um.b_d_app.CompositeTransaction@6f75e721
Fetching transaction MTransaction4 mt.edu.um.b_d_app.AtomicTransaction@3fb4f649 from inside MainTransaction mt.edu.um.b_d_app.CompositeTransaction@6f75e721
Extracting transaction from inside MTransaction4: MTransaction4
Have added mt.edu.um.b_d_app.AtomicTransaction@3fb4f649 to the array list of atomic transactions
Moving on to extract the next transaction for mt.edu.um.b_d_app.CompositeTransaction@6f75e721
Moving on to extract the next transaction for mt.edu.um.b_d_app.CompositeTransaction@5aaa6d82
Fetching transaction CommissionTransaction mt.edu.um.b_d_app.CompositeTransaction@33833882 from inside HighRiskTransaction mt.edu.um.b_d_app.CompositeTransaction@5aaa6d82
Composite transaction CommissionTransaction mt.edu.um.b_d_app.CompositeTransaction@33833882 of size 5 at level 1 is creating its iterator...
Fetching transaction CTransaction0 mt.edu.um.b_d_app.AtomicTransaction@200a570f from inside CommissionTransaction mt.edu.um.b_d_app.CompositeTransaction@33833882
Extracting transaction from inside CTransaction0: CTransaction0
Have added mt.edu.um.b_d_app.AtomicTransaction@200a570f to the array list of atomic transactions
Moving on to extract the next transaction for mt.edu.um.b_d_app.CompositeTransaction@33833882
Fetching transaction CTransaction1 mt.edu.um.b_d_app.AtomicTransaction@16b3fc9e from inside CommissionTransaction mt.edu.um.b_d_app.CompositeTransaction@33833882
Extracting transaction from inside CTransaction1: CTransaction1
Have added mt.edu.um.b_d_app.AtomicTransaction@16b3fc9e to the array list of atomic transactions
Moving on to extract the next transaction for mt.edu.um.b_d_app.CompositeTransaction@33833882
Fetching transaction CTransaction2 mt.edu.um.b_d_app.AtomicTransaction@e2d56bf from inside CommissionTransaction mt.edu.um.b_d_app.CompositeTransaction@33833882
Extracting transaction from inside CTransaction2: CTransaction2
Have added mt.edu.um.b_d_app.AtomicTransaction@e2d56bf to the array list of atomic transactions
Moving on to extract the next transaction for mt.edu.um.b_d_app.CompositeTransaction@33833882
Fetching transaction CTransaction3 mt.edu.um.b_d_app.AtomicTransaction@244038d0 from inside CommissionTransaction mt.edu.um.b_d_app.CompositeTransaction@33833882
Extracting transaction from inside CTransaction3: CTransaction3
Have added mt.edu.um.b_d_app.AtomicTransaction@244038d0 to the array list of atomic transactions
Moving on to extract the next transaction for mt.edu.um.b_d_app.CompositeTransaction@33833882
Fetching transaction CTransaction4 mt.edu.um.b_d_app.AtomicTransaction@5680a178 from inside CommissionTransaction mt.edu.um.b_d_app.CompositeTransaction@33833882
Extracting transaction from inside CTransaction4: CTransaction4
Have added mt.edu.um.b_d_app.AtomicTransaction@5680a178 to the array list of atomic transactions
Moving on to extract the next transaction for mt.edu.um.b_d_app.CompositeTransaction@33833882
Moving on to extract the next transaction for mt.edu.um.b_d_app.CompositeTransaction@5aaa6d82
</system-out>
  </testcase>
  <testcase classname="mt.edu.um.b_d_app.TraversalSortingTest" name="amountDescendingTest" time="0.013"/>
  <testcase classname="mt.edu.um.b_d_app.TraversalSortingTest" name="amountAscendingTest" time="0.01"/>
</testsuite>